<?xml version="1.0" encoding="UTF-8"?>
<!-- Generated by org.testng.reporters.JUnitReportReporter -->
<<<<<<< Updated upstream
<testsuite hostname="Pallavi-Sadhus-MacBook-Air.local" failures="0" tests="1" name="WarmupTask.javaprg.FindTwo2" time="0.026" errors="0" timestamp="2022-12-06T13:04:59 CST" skipped="0">
  <testcase classname="WarmupTask.javaprg.FindTwo2" name="testCase1" time="0.026"/>
=======
<testsuite hostname="Pallavi-Sadhus-MacBook-Air.local" failures="0" tests="2" name="WarmupTask.javaprg.FindTwo2" time="0.018" errors="0" timestamp="2022-12-06T13:02:21 CST" skipped="0">
  <testcase classname="WarmupTask.javaprg.FindTwo2" name="testCase1" time="0.017"/>
  <system-out/>
  <testcase classname="WarmupTask.javaprg.FindTwo2" name="testCase2" time="0.001"/>
>>>>>>> Stashed changes
  <system-out/>
</testsuite> <!-- WarmupTask.javaprg.FindTwo2 -->
