<?xml version="1.0" encoding="UTF-8"?>
<!-- Generated by org.testng.reporters.JUnitReportReporter -->
<testsuite hostname="Pallavi-Sadhus-MacBook-Air.local" failures="0" tests="3" name="WarmupTask.javaprg.NotEndingWithNine" time="0.024" errors="0" timestamp="2022-12-14T15:57:46 CST" skipped="0">
  <testcase classname="WarmupTask.javaprg.NotEndingWithNine" name="testCase2" time="0.002"/>
  <system-out/>
  <testcase classname="WarmupTask.javaprg.NotEndingWithNine" name="testCase1" time="0.019"/>
  <system-out/>
  <testcase classname="WarmupTask.javaprg.NotEndingWithNine" name="testCase3" time="0.003"/>
  <system-out/>
</testsuite> <!-- WarmupTask.javaprg.NotEndingWithNine -->
