<?xml version="1.0" encoding="UTF-8"?>
<!-- Generated by org.testng.reporters.JUnitReportReporter -->
<testsuite hostname="Pallavi-Sadhus-MacBook-Air.local" failures="0" tests="1" name="WarmupTask.javaprg.FindTwo2" time="0.018" errors="0" timestamp="2022-12-06T12:49:11 CST" skipped="0">
  <testcase classname="WarmupTask.javaprg.FindTwo2" name="testCase1" time="0.018"/>
  <system-out/>
</testsuite> <!-- WarmupTask.javaprg.FindTwo2 -->
