<?xml version="1.0" encoding="UTF-8"?>
<!-- Generated by org.testng.reporters.JUnitReportReporter -->
<testsuite hostname="Pallavi-Sadhus-MacBook-Air.local" failures="0" tests="2" name="WarmupTask.javaprg.WordsWithoutList" time="0.021" errors="0" timestamp="2022-12-16T15:43:01 CST" skipped="0">
  <testcase classname="WarmupTask.javaprg.WordsWithoutList" name="testCase1" time="0.019"/>
  <system-out/>
  <testcase classname="WarmupTask.javaprg.WordsWithoutList" name="testCase2" time="0.002"/>
  <system-out/>
</testsuite> <!-- WarmupTask.javaprg.WordsWithoutList -->
