<?xml version="1.0" encoding="UTF-8"?>
<!-- Generated by org.testng.reporters.JUnitReportReporter -->
<testsuite hostname="Pallavi-Sadhus-MacBook-Air.local" failures="0" tests="3" name="WarmupTask.javaprg.Make2Numbers" time="0.019" errors="0" timestamp="2022-12-07T15:50:48 CST" skipped="0">
  <testcase classname="WarmupTask.javaprg.Make2Numbers" name="testCase2" time="0.003"/>
  <system-out/>
  <testcase classname="WarmupTask.javaprg.Make2Numbers" name="testCase1" time="0.014"/>
  <system-out/>
  <testcase classname="WarmupTask.javaprg.Make2Numbers" name="testCase3" time="0.002"/>
  <system-out/>
</testsuite> <!-- WarmupTask.javaprg.Make2Numbers -->
