<?xml version="1.0" encoding="UTF-8"?>
<!-- Generated by org.testng.reporters.JUnitReportReporter -->
<testsuite hostname="Pallavi-Sadhus-MacBook-Air.local" failures="0" tests="6" name="WarmupTask.javaprg.WordsWithoutList" time="0.035" errors="0" timestamp="2022-12-16T15:57:03 CST" skipped="0">
  <testcase classname="WarmupTask.javaprg.WordsWithoutList" name="testCase4" time="0.004"/>
  <system-out/>
  <testcase classname="WarmupTask.javaprg.WordsWithoutList" name="testCase1" time="0.016"/>
  <system-out/>
  <testcase classname="WarmupTask.javaprg.WordsWithoutList" name="testCase3" time="0.002"/>
  <system-out/>
  <testcase classname="WarmupTask.javaprg.WordsWithoutList" name="testCase5" time="0.003"/>
  <system-out/>
  <testcase classname="WarmupTask.javaprg.WordsWithoutList" name="testCase6" time="0.007"/>
  <system-out/>
  <testcase classname="WarmupTask.javaprg.WordsWithoutList" name="testCase2" time="0.003"/>
  <system-out/>
</testsuite> <!-- WarmupTask.javaprg.WordsWithoutList -->
